Performing C SOURCE FILE Test CMAKE_HAVE_LIBC_PTHREAD failed with the following output:
Change Dir: /tyk/MMHA/cutlass_learn/splitK/build/CMakeFiles/CMakeTmp

Run Build Command(s):/usr/bin/make -f Makefile cmTC_598aa/fast && /usr/bin/make  -f CMakeFiles/cmTC_598aa.dir/build.make CMakeFiles/cmTC_598aa.dir/build
make[1]: Entering directory '/tyk/MMHA/cutlass_learn/splitK/build/CMakeFiles/CMakeTmp'
Building C object CMakeFiles/cmTC_598aa.dir/src.c.o
/usr/bin/cc -DCMAKE_HAVE_LIBC_PTHREAD  -fPIC  -o CMakeFiles/cmTC_598aa.dir/src.c.o -c /tyk/MMHA/cutlass_learn/splitK/build/CMakeFiles/CMakeTmp/src.c
Linking C executable cmTC_598aa
/tyk/cmake-3.24.4/bin/cmake -E cmake_link_script CMakeFiles/cmTC_598aa.dir/link.txt --verbose=1
/usr/bin/cc -fPIC  CMakeFiles/cmTC_598aa.dir/src.c.o -o cmTC_598aa 
/usr/local/bin/ld: CMakeFiles/cmTC_598aa.dir/src.c.o: in function `main':
src.c:(.text+0x2f): undefined reference to `pthread_create'
/usr/local/bin/ld: src.c:(.text+0x3b): undefined reference to `pthread_detach'
/usr/local/bin/ld: src.c:(.text+0x47): undefined reference to `pthread_cancel'
/usr/local/bin/ld: src.c:(.text+0x58): undefined reference to `pthread_join'
/usr/local/bin/ld: src.c:(.text+0x6c): undefined reference to `pthread_atfork'
collect2: error: ld returned 1 exit status
CMakeFiles/cmTC_598aa.dir/build.make:98: recipe for target 'cmTC_598aa' failed
make[1]: *** [cmTC_598aa] Error 1
make[1]: Leaving directory '/tyk/MMHA/cutlass_learn/splitK/build/CMakeFiles/CMakeTmp'
Makefile:127: recipe for target 'cmTC_598aa/fast' failed
make: *** [cmTC_598aa/fast] Error 2


Source file was:
#include <pthread.h>

static void* test_func(void* data)
{
  return data;
}

int main(void)
{
  pthread_t thread;
  pthread_create(&thread, NULL, test_func, NULL);
  pthread_detach(thread);
  pthread_cancel(thread);
  pthread_join(thread, NULL);
  pthread_atfork(NULL, NULL, NULL);
  pthread_exit(NULL);

  return 0;
}

Determining if the function pthread_create exists in the pthreads failed with the following output:
Change Dir: /tyk/MMHA/cutlass_learn/splitK/build/CMakeFiles/CMakeTmp

Run Build Command(s):/usr/bin/make -f Makefile cmTC_6b75c/fast && /usr/bin/make  -f CMakeFiles/cmTC_6b75c.dir/build.make CMakeFiles/cmTC_6b75c.dir/build
make[1]: Entering directory '/tyk/MMHA/cutlass_learn/splitK/build/CMakeFiles/CMakeTmp'
Building C object CMakeFiles/cmTC_6b75c.dir/CheckFunctionExists.c.o
/usr/bin/cc   -fPIC -DCHECK_FUNCTION_EXISTS=pthread_create -o CMakeFiles/cmTC_6b75c.dir/CheckFunctionExists.c.o -c /tyk/cmake-3.24.4/Modules/CheckFunctionExists.c
Linking C executable cmTC_6b75c
/tyk/cmake-3.24.4/bin/cmake -E cmake_link_script CMakeFiles/cmTC_6b75c.dir/link.txt --verbose=1
/usr/bin/cc -fPIC -DCHECK_FUNCTION_EXISTS=pthread_create CMakeFiles/cmTC_6b75c.dir/CheckFunctionExists.c.o -o cmTC_6b75c  -lpthreads 
/usr/local/bin/ld: cannot find -lpthreads
collect2: error: ld returned 1 exit status
CMakeFiles/cmTC_6b75c.dir/build.make:98: recipe for target 'cmTC_6b75c' failed
make[1]: *** [cmTC_6b75c] Error 1
make[1]: Leaving directory '/tyk/MMHA/cutlass_learn/splitK/build/CMakeFiles/CMakeTmp'
Makefile:127: recipe for target 'cmTC_6b75c/fast' failed
make: *** [cmTC_6b75c/fast] Error 2



